
Showing logs for build [32mcb-kubecd-bdd-nh-1585587559-pr-45572-1[0m stage [32mfrom-build-pack[0m and container [32mstep-credential-initializer-dvhpv[0m
{"level":"warn","ts":1585588500.7301836,"logger":"fallback-logger","caller":"logging/config.go:69","msg":"Fetch GitHub commit ID from kodata failed: \"ref: refs/heads/0.8.0-**-support-backwards-incompats\" is not a valid GitHub commit ID"}
{"level":"info","ts":1585588500.7307658,"logger":"fallback-logger","caller":"creds-init/main.go:40","msg":"Credentials initialized."}

Showing logs for build [32mcb-kubecd-bdd-nh-1585587559-pr-45572-1[0m stage [32mfrom-build-pack[0m and container [32mstep-working-dir-initializer-6kgvd[0m
{"level":"warn","ts":1585588501.6879025,"logger":"fallback-logger","caller":"logging/config.go:69","msg":"Fetch GitHub commit ID from kodata failed: open /var/run/ko/HEAD: no such file or directory"}
{"level":"info","ts":1585588501.6899045,"logger":"fallback-logger","caller":"bash/main.go:64","msg":"Successfully executed command \"sh -c mkdir -p /workspace/source\"; output "}

Showing logs for build [32mcb-kubecd-bdd-nh-1585587559-pr-45572-1[0m stage [32mfrom-build-pack[0m and container [32mstep-place-tools[0m

Showing logs for build [32mcb-kubecd-bdd-nh-1585587559-pr-45572-1[0m stage [32mfrom-build-pack[0m and container [32mstep-git-source-cb-kubecd-bdd-nh-1585587559-pr-45572-48jv6[0m
{"level":"warn","ts":1585588507.8126175,"logger":"fallback-logger","caller":"logging/config.go:69","msg":"Fetch GitHub commit ID from kodata failed: \"ref: refs/heads/0.8.0-**-support-backwards-incompats\" is not a valid GitHub commit ID"}
{"level":"info","ts":1585588509.0314145,"logger":"fallback-logger","caller":"git/git.go:103","msg":"Successfully cloned https://github.com/cb-kubecd/bdd-nh-1585587559.git @ master in path /workspace/source"}

Showing logs for build [32mcb-kubecd-bdd-nh-1585587559-pr-45572-1[0m stage [32mfrom-build-pack[0m and container [32mstep-git-merge[0m
Using SHAs from PULL_REFS=master:cd05395dd72bed0bf889d816f0a7caeec0b657d3,1:d9cc3f5f04e06ad7061652ca535ebec06eb12992
DEBUG: LC_ALL=C JX_LOG_LEVEL=error git fetch origin --unshallow d9cc3f5f04e06ad7061652ca535ebec06eb12992: cd05395dd72bed0bf889d816f0a7caeec0b657d3:
DEBUG: ran git fetch --unshallow origin d9cc3f5f04e06ad7061652ca535ebec06eb12992: cd05395dd72bed0bf889d816f0a7caeec0b657d3: in 
DEBUG: LC_ALL=C JX_LOG_LEVEL=error git branch
DEBUG: LC_ALL=C JX_LOG_LEVEL=error git checkout master
DEBUG: ran git checkout master in 
DEBUG: LC_ALL=C JX_LOG_LEVEL=error git reset --hard cd05395dd72bed0bf889d816f0a7caeec0b657d3
DEBUG: ran git reset --hard cd05395dd72bed0bf889d816f0a7caeec0b657d3 in 
DEBUG: JX_LOG_LEVEL=error LC_ALL=C git clean -fd .
DEBUG: ran clean --force -d . in 
DEBUG: LC_ALL=C JX_LOG_LEVEL=error git merge d9cc3f5f04e06ad7061652ca535ebec06eb12992
DEBUG: ran git merge d9cc3f5f04e06ad7061652ca535ebec06eb12992 in 
DEBUG: JX_LOG_LEVEL=error LC_ALL=C git log --format=%H%x1f%an%x1f%ae%x1f%cn%x1f%ce%x1f%s%n%b%x1e cd05395dd72bed0bf889d816f0a7caeec0b657d3..HEAD
Merged SHA d9cc3f5f04e06ad7061652ca535ebec06eb12992 with commit message 'My first PR commit' into base branch master

Showing logs for build [32mcb-kubecd-bdd-nh-1585587559-pr-45572-1[0m stage [32mfrom-build-pack[0m and container [32mstep-build-npmrc[0m
Command "credential" is deprecated, it will be removed on Jun 1 2020.  This is replaced by Tekton's mounted secrets
WARNING: failed to find Secret npm-token in namespace **

Showing logs for build [32mcb-kubecd-bdd-nh-1585587559-pr-45572-1[0m stage [32mfrom-build-pack[0m and container [32mstep-build-npm-install[0m
npm notice created a lockfile as package-lock.json. You should commit this file.
npm WARN REPLACE_ME@1.0.0 No repository field.
npm WARN REPLACE_ME@1.0.0 No license field.

up to date in 0.402s
found 0 vulnerabilities


Showing logs for build [32mcb-kubecd-bdd-nh-1585587559-pr-45572-1[0m stage [32mfrom-build-pack[0m and container [32mstep-build-npm-test[0m

> REPLACE_ME@1.0.0 test /workspace/source
> echo "no test specified" && exit 0

no test specified

Showing logs for build [32mcb-kubecd-bdd-nh-1585587559-pr-45572-1[0m stage [32mfrom-build-pack[0m and container [32mstep-build-container-build[0m
[36mINFO[0m[0000] Downloading base image node:9-slim           
ERROR: logging before flag.Parse: E0330 17:15:16.115342      11 metadata.go:142] while reading 'google-dockercfg' metadata: http status code: 404 while fetching url http://metadata.google.internal./computeMetadata/v1/instance/attributes/google-dockercfg
ERROR: logging before flag.Parse: E0330 17:15:16.118618      11 metadata.go:159] while reading 'google-dockercfg-url' metadata: http status code: 404 while fetching url http://metadata.google.internal./computeMetadata/v1/instance/attributes/google-dockercfg-url
2020/03/30 17:15:16 No matching credentials were found, falling back on anonymous
[36mINFO[0m[0001] Error while retrieving image from cache: getting file info: stat /workspace/sha256:0e0175bbe4f8d9d104590d8d2c591017874e30977cb71aaff1cf6fa99479575c: no such file or directory 
[36mINFO[0m[0001] Downloading base image node:9-slim           
2020/03/30 17:15:17 No matching credentials were found, falling back on anonymous
[36mINFO[0m[0002] Executing 0 build triggers                   
[36mINFO[0m[0002] cmd: EXPOSE                                  
[36mINFO[0m[0002] Adding exposed port: 8080/tcp                
[36mINFO[0m[0002] Using files from context: [/workspace/source] 
[36mINFO[0m[0002] Skipping unpacking as no commands require it. 
[36mINFO[0m[0002] Taking snapshot of full filesystem...        
[36mINFO[0m[0002] ENV PORT 8080                                
[36mINFO[0m[0002] No files changed in this command, skipping snapshotting. 
[36mINFO[0m[0002] EXPOSE 8080                                  
[36mINFO[0m[0002] cmd: EXPOSE                                  
[36mINFO[0m[0002] Adding exposed port: 8080/tcp                
[36mINFO[0m[0002] No files changed in this command, skipping snapshotting. 
[36mINFO[0m[0002] WORKDIR /usr/src/app                         
[36mINFO[0m[0002] cmd: workdir                                 
[36mINFO[0m[0002] Changed working directory to /usr/src/app    
[36mINFO[0m[0002] Creating directory /usr/src/app              
[36mINFO[0m[0002] Taking snapshot of files...                  
[36mINFO[0m[0002] Using files from context: [/workspace/source] 
[36mINFO[0m[0002] COPY . .                                     
[36mINFO[0m[0002] Taking snapshot of files...                  
[36mINFO[0m[0002] CMD ["npm", "start"]                         
[36mINFO[0m[0002] No files changed in this command, skipping snapshotting. 
2020/03/30 17:15:19 existing blob: sha256:196b8e3c919d5639193ba6c6e54774528942041bbc37606631a2250502985c3c
2020/03/30 17:15:19 existing blob: sha256:5bba3ecb4cd6374a19da45f2a3db0a9c0804984358b3bb4b666c28944016e5ff
2020/03/30 17:15:19 existing blob: sha256:a88538b9cd05cfa611e43a25582a95ad7879f6fa708b0386a26b71ee62235bb3
2020/03/30 17:15:19 existing blob: sha256:e01bd28a434b56ffd2a3fe9aa99b9b69aecca69904843edd30b1ee7150d79904
2020/03/30 17:15:19 existing blob: sha256:7d083412657baa2dafba8d093034ef26f9ed2c90fb6ed95f76bb55aff03ed429
2020/03/30 17:15:22 pushed blob: sha256:8691f89e836678552c88e4cef39bf33df2e5ec724f6b23998b94c835d8efc238
2020/03/30 17:15:22 pushed blob: sha256:1caff510b73974b9cd803d16a69d96ea31d1f2ef2b69b67948a40208285a292f
2020/03/30 17:15:22 pushed blob: sha256:ac89b270d0d75e00082bb98aea19cb8df9941b0f01c43bc771a741b2a4084f93
2020/03/30 17:15:24 gcr.io/jenkins-x-bdd3/bdd-nh-1585587559:0.0.0-SNAPSHOT-PR-1-1: digest: sha256:bc448f176419d56f1bb7edbab52854ec235f3a7b78011176d13ef5f4a754df5c size: 1404

Showing logs for build [32mcb-kubecd-bdd-nh-1585587559-pr-45572-1[0m stage [32mfrom-build-pack[0m and container [32mstep-postbuild-post-build[0m
no CVE provider running in the current ** namespace so skip adding image to be analysed

Showing logs for build [32mcb-kubecd-bdd-nh-1585587559-pr-45572-1[0m stage [32mfrom-build-pack[0m and container [32mstep-promote-make-preview[0m
sed -i -e "s/version:.*/version: 0.0.0-SNAPSHOT-PR-1-1/" Chart.yaml
sed -i -e "s/version:.*/version: 0.0.0-SNAPSHOT-PR-1-1/" ../*/Chart.yaml
sed -i -e "s|repository:.*|repository: gcr.io\/jenkins-x-bdd3\/bdd-nh-1585587559|" values.yaml
sed -i -e "s/tag:.*/tag: 0.0.0-SNAPSHOT-PR-1-1/" values.yaml
echo "  version: 0.0.0-SNAPSHOT-PR-1-1" >> requirements.yaml
** step helm build
WARNING: No $CHART_REPOSITORY defined so using the default value of: http://jenkins-x-chartmuseum:8080
Adding missing Helm repo: storage.googleapis.com https://storage.googleapis.com/chartmuseum.jenkins-x.io
WARNING: No secrets found on "helm/repos" due: reading the secret "helm/repos" from vault: no secret "helm/repos" not found in vault
Read credentials for https://storage.googleapis.com/chartmuseum.jenkins-x.io from vault helm/repos
Successfully added Helm repository storage.googleapis.com.
Adding missing Helm repo: jenkins-x-chartmuseum http://jenkins-x-chartmuseum:8080
WARNING: No secrets found on "helm/repos" due: reading the secret "helm/repos" from vault: no secret "helm/repos" not found in vault
Read credentials for http://jenkins-x-chartmuseum:8080 from vault helm/repos
Successfully added Helm repository jenkins-x-chartmuseum.
WARNING: No $CHART_REPOSITORY defined so using the default value of: http://jenkins-x-chartmuseum:8080
Adding missing Helm repo: chartmuseum.jenkins-x.io http://chartmuseum.jenkins-x.io
WARNING: No secrets found on "helm/repos" due: reading the secret "helm/repos" from vault: no secret "helm/repos" not found in vault
Read credentials for http://chartmuseum.jenkins-x.io from vault helm/repos
Successfully added Helm repository chartmuseum.jenkins-x.io.

Showing logs for build [32mcb-kubecd-bdd-nh-1585587559-pr-45572-1[0m stage [32mfrom-build-pack[0m and container [32mstep-promote-jx-preview[0m
Creating a preview
Created environment cb-kubecd-bdd-nh-1585587559-pr-1
Namespace **-cb-kubecd-bdd-nh-1585587559-pr-1 created 
expose:
  Annotations:
    helm.sh/hook: post-install,post-upgrade
    helm.sh/hook-delete-policy: hook-succeeded
  config:
    domain: c**d2.bdd.jenkins-x.rocks
    exposer: Ingress
    http: "true"
preview:
  image:
    repository: gcr.io/jenkins-x-bdd3/bdd-nh-1585587559
    tag: 0.0.0-SNAPSHOT-PR-1-1

Updating PipelineActivities cb-kubecd-bdd-nh-1585587559-pr-1-1 which has status Running
WARNING: preview application http://bdd-nh-1585587559.**-cb-kubecd-bdd-nh-1585587559-pr-1.c**d2.bdd.jenkins-x.rocks not available, error was Get http://bdd-nh-1585587559.**-cb-kubecd-bdd-nh-1585587559-pr-1.c**d2.bdd.jenkins-x.rocks: dial tcp: lookup bdd-nh-1585587559.**-cb-kubecd-bdd-nh-1585587559-pr-1.c**d2.bdd.jenkins-x.rocks on 10.7.240.10:53: no such host, delaying for: 1.283034974s
WARNING: preview application http://bdd-nh-1585587559.**-cb-kubecd-bdd-nh-1585587559-pr-1.c**d2.bdd.jenkins-x.rocks not available, error was Get http://bdd-nh-1585587559.**-cb-kubecd-bdd-nh-1585587559-pr-1.c**d2.bdd.jenkins-x.rocks: dial tcp: lookup bdd-nh-1585587559.**-cb-kubecd-bdd-nh-1585587559-pr-1.c**d2.bdd.jenkins-x.rocks on 10.7.240.10:53: no such host, delaying for: 956.706092ms
WARNING: preview application http://bdd-nh-1585587559.**-cb-kubecd-bdd-nh-1585587559-pr-1.c**d2.bdd.jenkins-x.rocks not available, error was Get http://bdd-nh-1585587559.**-cb-kubecd-bdd-nh-1585587559-pr-1.c**d2.bdd.jenkins-x.rocks: dial tcp: lookup bdd-nh-1585587559.**-cb-kubecd-bdd-nh-1585587559-pr-1.c**d2.bdd.jenkins-x.rocks on 10.7.240.10:53: no such host, delaying for: 1.345569468s
WARNING: preview application http://bdd-nh-1585587559.**-cb-kubecd-bdd-nh-1585587559-pr-1.c**d2.bdd.jenkins-x.rocks not available, error was Get http://bdd-nh-1585587559.**-cb-kubecd-bdd-nh-1585587559-pr-1.c**d2.bdd.jenkins-x.rocks: dial tcp: lookup bdd-nh-1585587559.**-cb-kubecd-bdd-nh-1585587559-pr-1.c**d2.bdd.jenkins-x.rocks on 10.7.240.10:53: no such host, delaying for: 4.050971572s
WARNING: preview application http://bdd-nh-1585587559.**-cb-kubecd-bdd-nh-1585587559-pr-1.c**d2.bdd.jenkins-x.rocks not available, error was Get http://bdd-nh-1585587559.**-cb-kubecd-bdd-nh-1585587559-pr-1.c**d2.bdd.jenkins-x.rocks: dial tcp: lookup bdd-nh-1585587559.**-cb-kubecd-bdd-nh-1585587559-pr-1.c**d2.bdd.jenkins-x.rocks on 10.7.240.10:53: no such host, delaying for: 2.640264778s
WARNING: preview application http://bdd-nh-1585587559.**-cb-kubecd-bdd-nh-1585587559-pr-1.c**d2.bdd.jenkins-x.rocks not available, error was Get http://bdd-nh-1585587559.**-cb-kubecd-bdd-nh-1585587559-pr-1.c**d2.bdd.jenkins-x.rocks: dial tcp: lookup bdd-nh-1585587559.**-cb-kubecd-bdd-nh-1585587559-pr-1.c**d2.bdd.jenkins-x.rocks on 10.7.240.10:53: no such host, delaying for: 7.589083593s
WARNING: preview application http://bdd-nh-1585587559.**-cb-kubecd-bdd-nh-1585587559-pr-1.c**d2.bdd.jenkins-x.rocks not available, error was Get http://bdd-nh-1585587559.**-cb-kubecd-bdd-nh-1585587559-pr-1.c**d2.bdd.jenkins-x.rocks: dial tcp: lookup bdd-nh-1585587559.**-cb-kubecd-bdd-nh-1585587559-pr-1.c**d2.bdd.jenkins-x.rocks on 10.7.240.10:53: no such host, delaying for: 6.520544564s
WARNING: preview application http://bdd-nh-1585587559.**-cb-kubecd-bdd-nh-1585587559-pr-1.c**d2.bdd.jenkins-x.rocks not available, error was Get http://bdd-nh-1585587559.**-cb-kubecd-bdd-nh-1585587559-pr-1.c**d2.bdd.jenkins-x.rocks: dial tcp: lookup bdd-nh-1585587559.**-cb-kubecd-bdd-nh-1585587559-pr-1.c**d2.bdd.jenkins-x.rocks on 10.7.240.10:53: no such host, delaying for: 10.199180659s
WARNING: preview application http://bdd-nh-1585587559.**-cb-kubecd-bdd-nh-1585587559-pr-1.c**d2.bdd.jenkins-x.rocks not available, error was Get http://bdd-nh-1585587559.**-cb-kubecd-bdd-nh-1585587559-pr-1.c**d2.bdd.jenkins-x.rocks: dial tcp: lookup bdd-nh-1585587559.**-cb-kubecd-bdd-nh-1585587559-pr-1.c**d2.bdd.jenkins-x.rocks on 10.7.240.10:53: no such host, delaying for: 37.600023335s
WARNING: preview application http://bdd-nh-1585587559.**-cb-kubecd-bdd-nh-1585587559-pr-1.c**d2.bdd.jenkins-x.rocks not available, error was Get http://bdd-nh-1585587559.**-cb-kubecd-bdd-nh-1585587559-pr-1.c**d2.bdd.jenkins-x.rocks: dial tcp: lookup bdd-nh-1585587559.**-cb-kubecd-bdd-nh-1585587559-pr-1.c**d2.bdd.jenkins-x.rocks on 10.7.240.10:53: no such host, delaying for: 35.856053632s
WARNING: preview application http://bdd-nh-1585587559.**-cb-kubecd-bdd-nh-1585587559-pr-1.c**d2.bdd.jenkins-x.rocks not available, error was Get http://bdd-nh-1585587559.**-cb-kubecd-bdd-nh-1585587559-pr-1.c**d2.bdd.jenkins-x.rocks: dial tcp: lookup bdd-nh-1585587559.**-cb-kubecd-bdd-nh-1585587559-pr-1.c**d2.bdd.jenkins-x.rocks on 10.7.240.10:53: no such host, delaying for: 29.275456602s
Preview application is now available at: http://bdd-nh-1585587559.**-cb-kubecd-bdd-nh-1585587559-pr-1.c**d2.bdd.jenkins-x.rocks
